<?xml version="1.0" encoding="UTF-8"?>
<testng-results ignored="0" total="3" passed="3" failed="0" skipped="0">
  <reporter-output>
  </reporter-output>
  <suite started-at="2023-06-01T12:55:39 IST" name="Default suite" finished-at="2023-06-01T12:56:39 IST" duration-ms="60013">
    <groups>
      <group name="cucumber">
        <method signature="AbstractTestNGCucumberTests.runScenario(io.cucumber.testng.PickleWrapper, io.cucumber.testng.FeatureWrapper)[pri:0, instance:testRun.TestRunner@550ee7e5]" name="runScenario" class="io.cucumber.testng.AbstractTestNGCucumberTests"/>
      </group> <!-- cucumber -->
    </groups>
    <test started-at="2023-06-01T12:55:39 IST" name="Default test" finished-at="2023-06-01T12:56:39 IST" duration-ms="60013">
      <class name="testRun.TestRunner">
        <test-method is-config="true" signature="setUpClass()[pri:0, instance:testRun.TestRunner@550ee7e5]" started-at="2023-06-01T12:55:39 IST" name="setUpClass" finished-at="2023-06-01T12:55:40 IST" duration-ms="842" status="PASS">
          <reporter-output>
          </reporter-output>
        </test-method> <!-- setUpClass -->
        <test-method signature="runScenario(io.cucumber.testng.PickleWrapper, io.cucumber.testng.FeatureWrapper)[pri:0, instance:testRun.TestRunner@550ee7e5]" started-at="2023-06-01T12:55:40 IST" name="runScenario" description="Runs Cucumber Scenarios" data-provider="scenarios" finished-at="2023-06-01T12:56:17 IST" duration-ms="37770" status="PASS">
          <params>
            <param index="0">
              <value>
                <![CDATA["Search Customer by EMailID"]]>
              </value>
            </param>
            <param index="1">
              <value>
                <![CDATA["Optional[Customers]"]]>
              </value>
            </param>
          </params>
          <reporter-output>
          </reporter-output>
        </test-method> <!-- runScenario -->
        <test-method signature="runScenario(io.cucumber.testng.PickleWrapper, io.cucumber.testng.FeatureWrapper)[pri:0, instance:testRun.TestRunner@550ee7e5]" started-at="2023-06-01T12:55:40 IST" name="runScenario" description="Runs Cucumber Scenarios" data-provider="scenarios" finished-at="2023-06-01T12:56:16 IST" duration-ms="35901" status="PASS">
          <params>
            <param index="0">
              <value>
                <![CDATA["Search Customer by Name"]]>
              </value>
            </param>
            <param index="1">
              <value>
                <![CDATA["Optional[Customers]"]]>
              </value>
            </param>
          </params>
          <reporter-output>
          </reporter-output>
        </test-method> <!-- runScenario -->
        <test-method signature="runScenario(io.cucumber.testng.PickleWrapper, io.cucumber.testng.FeatureWrapper)[pri:0, instance:testRun.TestRunner@550ee7e5]" started-at="2023-06-01T12:55:40 IST" name="runScenario" description="Runs Cucumber Scenarios" data-provider="scenarios" finished-at="2023-06-01T12:56:38 IST" duration-ms="58678" status="PASS">
          <params>
            <param index="0">
              <value>
                <![CDATA["Add new Customer"]]>
              </value>
            </param>
            <param index="1">
              <value>
                <![CDATA["Optional[Customers]"]]>
              </value>
            </param>
          </params>
          <reporter-output>
          </reporter-output>
        </test-method> <!-- runScenario -->
        <test-method is-config="true" signature="tearDownClass()[pri:0, instance:testRun.TestRunner@550ee7e5]" started-at="2023-06-01T12:56:38 IST" name="tearDownClass" finished-at="2023-06-01T12:56:39 IST" duration-ms="419" status="PASS">
          <reporter-output>
          </reporter-output>
        </test-method> <!-- tearDownClass -->
      </class> <!-- testRun.TestRunner -->
    </test> <!-- Default test -->
  </suite> <!-- Default suite -->
</testng-results>
